<?xml version="1.0" encoding="UTF-8"?>
<testng-results ignored="0" total="1" passed="1" failed="0" skipped="0">
  <reporter-output>
  </reporter-output>
  <suite started-at="2021-07-28T06:44:14 IST" name="Default suite" finished-at="2021-07-28T06:45:20 IST" duration-ms="66051">
    <groups>
    </groups>
    <test started-at="2021-07-28T06:44:14 IST" name="Default test" finished-at="2021-07-28T06:45:20 IST" duration-ms="66051">
      <class name="testleaf.Selectable">
        <test-method is-config="true" signature="setup()[pri:0, instance:testleaf.Selectable@7adda9cc]" started-at="2021-07-28T06:44:14 IST" name="setup" finished-at="2021-07-28T06:44:54 IST" duration-ms="40247" status="PASS">
          <reporter-output>
          </reporter-output>
        </test-method> <!-- setup -->
        <test-method signature="selectableTest()[pri:0, instance:testleaf.Selectable@7adda9cc]" started-at="2021-07-28T06:44:54 IST" name="selectableTest" finished-at="2021-07-28T06:45:17 IST" duration-ms="22907" status="PASS">
          <reporter-output>
          </reporter-output>
        </test-method> <!-- selectableTest -->
        <test-method is-config="true" signature="tearDown()[pri:0, instance:testleaf.Selectable@7adda9cc]" started-at="2021-07-28T06:45:17 IST" name="tearDown" finished-at="2021-07-28T06:45:20 IST" duration-ms="2710" status="PASS">
          <reporter-output>
          </reporter-output>
        </test-method> <!-- tearDown -->
      </class> <!-- testleaf.Selectable -->
    </test> <!-- Default test -->
  </suite> <!-- Default suite -->
</testng-results>
