<?xml version="1.0" encoding="UTF-8"?>
<testng-results ignored="0" total="1" passed="1" failed="0" skipped="0">
  <reporter-output>
  </reporter-output>
  <suite started-at="2021-07-26T21:27:14 IST" name="Default suite" finished-at="2021-07-26T21:27:18 IST" duration-ms="3740">
    <groups>
    </groups>
    <test started-at="2021-07-26T21:27:14 IST" name="Default test" finished-at="2021-07-26T21:27:18 IST" duration-ms="3740">
      <class name="testleaf.CacheFeature">
        <test-method is-config="true" signature="setup()[pri:0, instance:testleaf.CacheFeature@5cee5251]" started-at="2021-07-26T21:27:15 IST" name="setup" finished-at="2021-07-26T21:27:17 IST" duration-ms="2434" status="PASS">
          <reporter-output>
          </reporter-output>
        </test-method> <!-- setup -->
        <test-method signature="getCacheTest()[pri:0, instance:testleaf.CacheFeature@5cee5251]" started-at="2021-07-26T21:27:17 IST" name="getCacheTest" finished-at="2021-07-26T21:27:18 IST" duration-ms="1014" status="PASS">
          <reporter-output>
          </reporter-output>
        </test-method> <!-- getCacheTest -->
        <test-method is-config="true" signature="tearDown()[pri:0, instance:testleaf.CacheFeature@5cee5251]" started-at="2021-07-26T21:27:18 IST" name="tearDown" finished-at="2021-07-26T21:27:18 IST" duration-ms="221" status="PASS">
          <reporter-output>
          </reporter-output>
        </test-method> <!-- tearDown -->
      </class> <!-- testleaf.CacheFeature -->
    </test> <!-- Default test -->
  </suite> <!-- Default suite -->
</testng-results>
